<?xml version="1.0" encoding="utf-8"?><testsuites name="pytest tests"><testsuite name="pytest" errors="0" failures="0" skipped="0" tests="16" time="4.175" timestamp="2026-05-26T10:17:25.637293+00:00" hostname="agent-env-c9d7a901-bf2a-4fbf-a609-5414c4ed7e9e"><testcase classname="backend.tests.backend_test.TestHealth" name="test_health_ok" time="0.196" /><testcase classname="backend.tests.backend_test.TestHomepageContent" name="test_get_homepage_structure" time="0.109" /><testcase classname="backend.tests.backend_test.TestProductsPublic" name="test_list_products_min8" time="0.102" /><testcase classname="backend.tests.backend_test.TestInquiriesPublic" name="test_create_inquiry_valid" time="0.129" /><testcase classname="backend.tests.backend_test.TestInquiriesPublic" name="test_create_inquiry_short_message_422" time="0.136" /><testcase classname="backend.tests.backend_test.TestInquiriesPublic" name="test_create_inquiry_invalid_email_422" time="0.153" /><testcase classname="backend.tests.backend_test.TestAuth" name="test_login_success" time="0.344" /><testcase classname="backend.tests.backend_test.TestAuth" name="test_login_wrong_password" time="0.346" /><testcase classname="backend.tests.backend_test.TestAuth" name="test_me_unauth" time="0.109" /><testcase classname="backend.tests.backend_test.TestAuth" name="test_me_with_token" time="0.511" /><testcase classname="backend.tests.backend_test.TestAdminInquiries" name="test_list_inquiries_unauth" time="0.111" /><testcase classname="backend.tests.backend_test.TestAdminInquiries" name="test_list_inquiries_auth" time="0.106" /><testcase classname="backend.tests.backend_test.TestAdminInquiries" name="test_patch_then_delete_inquiry" time="0.579" /><testcase classname="backend.tests.backend_test.TestAdminProducts" name="test_create_unauth" time="0.100" /><testcase classname="backend.tests.backend_test.TestAdminProducts" name="test_full_product_lifecycle" time="0.646" /><testcase classname="backend.tests.backend_test.TestAdminContent" name="test_update_homepage_persists" time="0.410" /></testsuite></testsuites>